<?xml version="1.0" encoding="UTF-8"?>
<testsuite name="tests.BoardCreationTest" tests="1" skipped="0" failures="0" errors="0" timestamp="2019-02-14T18:37:04" hostname="Lena-Toshiba" time="15.723">
  <properties/>
  <testcase name="testBoardCreationFromBody" classname="tests.BoardCreationTest" time="15.723"/>
  <system-out><![CDATA[]]></system-out>
  <system-err><![CDATA[]]></system-err>
</testsuite>
